  Project1.cpp
C:\Users\ntham\OneDrive\Documents\Programming\C++\ECE3500\Project1\Project1\Project1.cpp(91,55): warning C4244: 'argument': conversion from 'double' to '_Tp', possible loss of data
          with
          [
              _Tp=int
          ]
C:\Users\ntham\OneDrive\Documents\Programming\C++\ECE3500\Project1\Project1\Project1.cpp(91,44): warning C4244: 'argument': conversion from 'double' to '_Tp', possible loss of data
          with
          [
              _Tp=int
          ]
C:\Users\ntham\OneDrive\Documents\Programming\C++\ECE3500\Project1\Project1\Project1.cpp(109,53): warning C4244: 'argument': conversion from 'double' to '_Tp', possible loss of data
          with
          [
              _Tp=int
          ]
C:\Users\ntham\OneDrive\Documents\Programming\C++\ECE3500\Project1\Project1\Project1.cpp(109,42): warning C4244: 'argument': conversion from 'double' to '_Tp', possible loss of data
          with
          [
              _Tp=int
          ]
  Project1.vcxproj -> C:\Users\ntham\OneDrive\Documents\Programming\C++\ECE3500\Project1\x64\Debug\Project1.exe
